Stack adress 0x7fdcb4904100
Front stack canary: 42554A42
Data adress: 0x7fdcb4904150
Pointer points at: 1
Stack capacity: 3
Tail stack canary: 44454444
^[0] = 1
[1] = -6666 (POISON)
[2] = -6666 (POISON)

Stack adress 0x7fdcb4904100
Front stack canary: 42554A42
Data adress: 0x7fdcb4904150
Pointer points at: 2
Stack capacity: 3
Tail stack canary: 44454444
^[0] = 1
^[1] = 2
[2] = -6666 (POISON)

Stack adress 0x7fdcb4904100
Front stack canary: 42554A42
Data adress: 0x7fdcb4904150
Pointer points at: 3
Stack capacity: 6
Tail stack canary: 44454444
^[0] = 1
^[1] = 2
^[2] = 3
[3] = -6666 (POISON)
[4] = -6666 (POISON)
[5] = -6666 (POISON)

Stack adress 0x7fdcb4904100
Front stack canary: 42554A42
Data adress: 0x7fdcb4904150
Pointer points at: 4
Stack capacity: 6
Tail stack canary: 44454444
^[0] = 1
^[1] = 2
^[2] = 3
^[3] = 4
[4] = -6666 (POISON)
[5] = -6666 (POISON)

Stack adress 0x7fdcb4904100
Front stack canary: 42554A42
Data adress: 0x7fdcb4904150
Pointer points at: 3
Stack capacity: 6
Tail stack canary: 44454444
^[0] = 1
^[1] = 2
^[2] = 3
[3] = -6666 (POISON)
[4] = -6666 (POISON)
[5] = -6666 (POISON)

Stack adress 0x7fdcb4904100
Front stack canary: 42554A42
Data adress: 0x7fdcb4904150
Pointer points at: 3
Stack capacity: 6
Tail stack canary: 44454444
^[0] = 1
^[1] = 2
^[2] = 3
[3] = -6666 (POISON)
[4] = -6666 (POISON)
[5] = -6666 (POISON)

Stack adress 0x7fdcb4904100
Front stack canary: 42554A42
Data adress: 0x7fdcb4904150
Pointer points at: 3
Stack capacity: 6
Tail stack canary: 44454444
^[0] = 1
^[1] = 2
^[2] = 3
[3] = -6666 (POISON)
[4] = -6666 (POISON)
[5] = -6666 (POISON)

